<?xml version="1.0" encoding="UTF-8"?>
<testsuite name="TicTacToeTest" tests="1" skipped="0" failures="1" errors="0" timestamp="2022-05-30T15:52:22" hostname="MRR-PC" time="0.11">
  <properties/>
  <testcase name="start" classname="TicTacToeTest" time="0.11">
    <failure message="java.lang.AssertionError: Wrong answer in test #1&#10;&#10;Can't find two fields inside output&#10;&#10;Please find below the output of your program during this failed test.&#10;Note that the '&gt;' character indicates the beginning of the input line.&#10;&#10;---&#10;&#10;Enter cells: &gt; _XXOO_OX_&#10;---------&#10;| _ X X |&#10;| O O _ |&#10;| O X _ |&#10;---------&#10;X [0, 1, 2]&#10;X [3, 4, 5]&#10;X [6, 7, 8]&#10;X [0, 3, 6]&#10;X [1, 4, 7]&#10;X [2, 5, 8]&#10;X [0, 4, 8]&#10;X [2, 4, 6]&#10;O [0, 1, 2]&#10;O [3, 4, 5]&#10;O [6, 7, 8]&#10;O [0, 3, 6]&#10;O [1, 4, 7]&#10;O [2, 5, 8]&#10;O [0, 4, 8]&#10;O [2, 4, 6]&#10;Game not finished" type="java.lang.AssertionError">java.lang.AssertionError: Wrong answer in test #1

Can't find two fields inside output

Please find below the output of your program during this failed test.
Note that the '&gt;' character indicates the beginning of the input line.

---

Enter cells: &gt; _XXOO_OX_
---------
| _ X X |
| O O _ |
| O X _ |
---------
X [0, 1, 2]
X [3, 4, 5]
X [6, 7, 8]
X [0, 3, 6]
X [1, 4, 7]
X [2, 5, 8]
X [0, 4, 8]
X [2, 4, 6]
O [0, 1, 2]
O [3, 4, 5]
O [6, 7, 8]
O [0, 3, 6]
O [1, 4, 7]
O [2, 5, 8]
O [0, 4, 8]
O [2, 4, 6]
Game not finished
	at org.junit.Assert.fail(Assert.java:88)
	at org.hyperskill.hstest.stage.StageTest.start(StageTest.java:155)
	at java.base/jdk.internal.reflect.NativeMethodAccessorImpl.invoke0(Native Method)
	at java.base/jdk.internal.reflect.NativeMethodAccessorImpl.invoke(NativeMethodAccessorImpl.java:77)
	at java.base/jdk.internal.reflect.DelegatingMethodAccessorImpl.invoke(DelegatingMethodAccessorImpl.java:43)
	at java.base/java.lang.reflect.Method.invoke(Method.java:568)
	at org.junit.runners.model.FrameworkMethod$1.runReflectiveCall(FrameworkMethod.java:50)
	at org.junit.internal.runners.model.ReflectiveCallable.run(ReflectiveCallable.java:12)
	at org.junit.runners.model.FrameworkMethod.invokeExplosively(FrameworkMethod.java:47)
	at org.junit.internal.runners.statements.InvokeMethod.evaluate(InvokeMethod.java:17)
	at org.junit.runners.ParentRunner.runLeaf(ParentRunner.java:325)
	at org.junit.runners.BlockJUnit4ClassRunner.runChild(BlockJUnit4ClassRunner.java:78)
	at org.junit.runners.BlockJUnit4ClassRunner.runChild(BlockJUnit4ClassRunner.java:57)
	at org.junit.runners.ParentRunner$3.run(ParentRunner.java:290)
	at org.junit.runners.ParentRunner$1.schedule(ParentRunner.java:71)
	at org.junit.runners.ParentRunner.runChildren(ParentRunner.java:288)
	at org.junit.runners.ParentRunner.access$000(ParentRunner.java:58)
	at org.junit.runners.ParentRunner$2.evaluate(ParentRunner.java:268)
	at org.junit.runners.ParentRunner.run(ParentRunner.java:363)
	at org.gradle.api.internal.tasks.testing.junit.JUnitTestClassExecutor.runTestClass(JUnitTestClassExecutor.java:110)
	at org.gradle.api.internal.tasks.testing.junit.JUnitTestClassExecutor.execute(JUnitTestClassExecutor.java:58)
	at org.gradle.api.internal.tasks.testing.junit.JUnitTestClassExecutor.execute(JUnitTestClassExecutor.java:38)
	at org.gradle.api.internal.tasks.testing.junit.AbstractJUnitTestClassProcessor.processTestClass(AbstractJUnitTestClassProcessor.java:62)
	at org.gradle.api.internal.tasks.testing.SuiteTestClassProcessor.processTestClass(SuiteTestClassProcessor.java:51)
	at java.base/jdk.internal.reflect.NativeMethodAccessorImpl.invoke0(Native Method)
	at java.base/jdk.internal.reflect.NativeMethodAccessorImpl.invoke(NativeMethodAccessorImpl.java:77)
	at java.base/jdk.internal.reflect.DelegatingMethodAccessorImpl.invoke(DelegatingMethodAccessorImpl.java:43)
	at java.base/java.lang.reflect.Method.invoke(Method.java:568)
	at org.gradle.internal.dispatch.ReflectionDispatch.dispatch(ReflectionDispatch.java:36)
	at org.gradle.internal.dispatch.ReflectionDispatch.dispatch(ReflectionDispatch.java:24)
	at org.gradle.internal.dispatch.ContextClassLoaderDispatch.dispatch(ContextClassLoaderDispatch.java:33)
	at org.gradle.internal.dispatch.ProxyDispatchAdapter$DispatchingInvocationHandler.invoke(ProxyDispatchAdapter.java:94)
	at jdk.proxy1/jdk.proxy1.$Proxy2.processTestClass(Unknown Source)
	at org.gradle.api.internal.tasks.testing.worker.TestWorker$2.run(TestWorker.java:176)
	at org.gradle.api.internal.tasks.testing.worker.TestWorker.executeAndMaintainThreadName(TestWorker.java:129)
	at org.gradle.api.internal.tasks.testing.worker.TestWorker.execute(TestWorker.java:100)
	at org.gradle.api.internal.tasks.testing.worker.TestWorker.execute(TestWorker.java:60)
	at org.gradle.process.internal.worker.child.ActionExecutionWorker.execute(ActionExecutionWorker.java:56)
	at org.gradle.process.internal.worker.child.SystemApplicationClassLoaderWorker.call(SystemApplicationClassLoaderWorker.java:133)
	at org.gradle.process.internal.worker.child.SystemApplicationClassLoaderWorker.call(SystemApplicationClassLoaderWorker.java:71)
	at worker.org.gradle.process.internal.worker.GradleWorkerMain.run(GradleWorkerMain.java:69)
	at worker.org.gradle.process.internal.worker.GradleWorkerMain.main(GradleWorkerMain.java:74)
</failure>
  </testcase>
  <system-out><![CDATA[?[1;31m
Start test 1?[0m
Enter cells: > _XXOO_OX_
---------
| _ X X |
| O O _ |
| O X _ |
---------
X [0, 1, 2]
X [3, 4, 5]
X [6, 7, 8]
X [0, 3, 6]
X [1, 4, 7]
X [2, 5, 8]
X [0, 4, 8]
X [2, 4, 6]
O [0, 1, 2]
O [3, 4, 5]
O [6, 7, 8]
O [0, 3, 6]
O [1, 4, 7]
O [2, 5, 8]
O [0, 4, 8]
O [2, 4, 6]
Game not finished
]]></system-out>
  <system-err><![CDATA[]]></system-err>
</testsuite>
